<?xml version="1.0" encoding="UTF-8"?>
<coverage generated="1723050858791" clover="3.2.0">
  <project timestamp="1723050858791" name="All files">
    <metrics statements="40" coveredstatements="39" conditionals="15" coveredconditionals="14" methods="6" coveredmethods="6" elements="61" coveredelements="59" complexity="0" loc="40" ncloc="40" packages="1" files="1" classes="1"/>
    <file name="index.ts" path="C:\Users\Geampiere\Documents\me\algorithmics\src\index.ts">
      <metrics statements="40" coveredstatements="39" conditionals="15" coveredconditionals="14" methods="6" coveredmethods="6"/>
      <line num="13" count="1" type="stmt"/>
      <line num="14" count="11" type="stmt"/>
      <line num="16" count="11" type="stmt"/>
      <line num="17" count="49" type="cond" truecount="1" falsecount="0"/>
      <line num="19" count="49" type="cond" truecount="1" falsecount="0"/>
      <line num="20" count="6" type="stmt"/>
      <line num="21" count="6" type="cond" truecount="1" falsecount="1"/>
      <line num="23" count="6" type="stmt"/>
      <line num="24" count="6" type="stmt"/>
      <line num="25" count="0" type="stmt"/>
      <line num="28" count="49" type="cond" truecount="1" falsecount="0"/>
      <line num="29" count="13" type="stmt"/>
      <line num="30" count="13" type="cond" truecount="2" falsecount="0"/>
      <line num="32" count="3" type="stmt"/>
      <line num="33" count="3" type="stmt"/>
      <line num="34" count="3" type="cond" truecount="2" falsecount="0"/>
      <line num="35" count="2" type="stmt"/>
      <line num="37" count="1" type="stmt"/>
      <line num="38" count="2" type="stmt"/>
      <line num="40" count="10" type="stmt"/>
      <line num="41" count="31" type="stmt"/>
      <line num="43" count="10" type="cond" truecount="2" falsecount="0"/>
      <line num="45" count="4" type="stmt"/>
      <line num="46" count="4" type="stmt"/>
      <line num="47" count="4" type="stmt"/>
      <line num="48" count="20" type="cond" truecount="4" falsecount="0"/>
      <line num="49" count="12" type="stmt"/>
      <line num="50" count="8" type="stmt"/>
      <line num="52" count="4" type="stmt"/>
      <line num="53" count="4" type="stmt"/>
      <line num="54" count="6" type="stmt"/>
      <line num="59" count="4" type="stmt"/>
      <line num="62" count="1" type="stmt"/>
      <line num="63" count="46" type="stmt"/>
      <line num="66" count="1" type="stmt"/>
      <line num="67" count="11" type="stmt"/>
      <line num="68" count="11" type="stmt"/>
      <line num="71" count="1" type="stmt"/>
      <line num="72" count="1" type="stmt"/>
      <line num="73" count="1" type="stmt"/>
    </file>
  </project>
</coverage>
