{"C:\\Users\\Geampiere\\Documents\\me\\algorithmics\\src\\index.ts": {"path":"C:\\Users\\Geampiere\\Documents\\me\\algorithmics\\src\\index.ts","statementMap":{"0":{"start":{"line":13,"column":30},"end":{"line":60,"column":1}},"1":{"start":{"line":14,"column":33},"end":{"line":14,"column":35}},"2":{"start":{"line":16,"column":2},"end":{"line":57,"column":null}},"3":{"start":{"line":16,"column":15},"end":{"line":16,"column":16}},"4":{"start":{"line":17,"column":4},"end":{"line":17,"column":63}},"5":{"start":{"line":17,"column":29},"end":{"line":17,"column":63}},"6":{"start":{"line":19,"column":4},"end":{"line":26,"column":null}},"7":{"start":{"line":20,"column":26},"end":{"line":20,"column":57}},"8":{"start":{"line":21,"column":6},"end":{"line":25,"column":25}},"9":{"start":{"line":23,"column":8},"end":{"line":23,"column":71}},"10":{"start":{"line":24,"column":8},"end":{"line":24,"column":42}},"11":{"start":{"line":25,"column":13},"end":{"line":25,"column":25}},"12":{"start":{"line":28,"column":4},"end":{"line":56,"column":null}},"13":{"start":{"line":29,"column":26},"end":{"line":29,"column":57}},"14":{"start":{"line":30,"column":6},"end":{"line":55,"column":null}},"15":{"start":{"line":32,"column":8},"end":{"line":32,"column":71}},"16":{"start":{"line":33,"column":28},"end":{"line":33,"column":59}},"17":{"start":{"line":34,"column":8},"end":{"line":37,"column":25}},"18":{"start":{"line":35,"column":10},"end":{"line":35,"column":73}},"19":{"start":{"line":37,"column":13},"end":{"line":37,"column":25}},"20":{"start":{"line":38,"column":8},"end":{"line":38,"column":42}},"21":{"start":{"line":40,"column":29},"end":{"line":42,"column":16}},"22":{"start":{"line":41,"column":23},"end":{"line":41,"column":36}},"23":{"start":{"line":43,"column":8},"end":{"line":54,"column":27}},"24":{"start":{"line":45,"column":41},"end":{"line":45,"column":42}},"25":{"start":{"line":46,"column":40},"end":{"line":46,"column":42}},"26":{"start":{"line":47,"column":10},"end":{"line":51,"column":13}},"27":{"start":{"line":48,"column":12},"end":{"line":50,"column":47}},"28":{"start":{"line":49,"column":14},"end":{"line":49,"column":33}},"29":{"start":{"line":50,"column":19},"end":{"line":50,"column":47}},"30":{"start":{"line":52,"column":10},"end":{"line":52,"column":41}},"31":{"start":{"line":53,"column":10},"end":{"line":53,"column":44}},"32":{"start":{"line":54,"column":15},"end":{"line":54,"column":27}},"33":{"start":{"line":59,"column":2},"end":{"line":59,"column":14}},"34":{"start":{"line":13,"column":13},"end":{"line":13,"column":30}},"35":{"start":{"line":62,"column":20},"end":{"line":64,"column":1}},"36":{"start":{"line":63,"column":2},"end":{"line":63,"column":53}},"37":{"start":{"line":63,"column":36},"end":{"line":63,"column":51}},"38":{"start":{"line":66,"column":23},"end":{"line":69,"column":1}},"39":{"start":{"line":67,"column":2},"end":{"line":67,"column":31}},"40":{"start":{"line":68,"column":2},"end":{"line":68,"column":13}},"41":{"start":{"line":71,"column":0},"end":{"line":71,"column":42}},"42":{"start":{"line":72,"column":0},"end":{"line":72,"column":39}},"43":{"start":{"line":73,"column":0},"end":{"line":73,"column":60}}},"fnMap":{"0":{"name":"(anonymous_0)","decl":{"start":{"line":13,"column":30},"end":{"line":13,"column":31}},"loc":{"start":{"line":13,"column":54},"end":{"line":60,"column":1}}},"1":{"name":"(anonymous_1)","decl":{"start":{"line":41,"column":10},"end":{"line":41,"column":11}},"loc":{"start":{"line":41,"column":23},"end":{"line":41,"column":36}}},"2":{"name":"(anonymous_2)","decl":{"start":{"line":47,"column":33},"end":{"line":47,"column":34}},"loc":{"start":{"line":47,"column":45},"end":{"line":51,"column":11}}},"3":{"name":"(anonymous_3)","decl":{"start":{"line":62,"column":20},"end":{"line":62,"column":21}},"loc":{"start":{"line":62,"column":52},"end":{"line":64,"column":1}}},"4":{"name":"(anonymous_4)","decl":{"start":{"line":63,"column":23},"end":{"line":63,"column":24}},"loc":{"start":{"line":63,"column":36},"end":{"line":63,"column":51}}},"5":{"name":"(anonymous_5)","decl":{"start":{"line":66,"column":23},"end":{"line":66,"column":24}},"loc":{"start":{"line":66,"column":64},"end":{"line":69,"column":1}}}},"branchMap":{"0":{"loc":{"start":{"line":17,"column":4},"end":{"line":17,"column":63}},"type":"if","locations":[{"start":{"line":17,"column":4},"end":{"line":17,"column":63}}]},"1":{"loc":{"start":{"line":19,"column":4},"end":{"line":26,"column":null}},"type":"if","locations":[{"start":{"line":19,"column":4},"end":{"line":26,"column":null}}]},"2":{"loc":{"start":{"line":21,"column":6},"end":{"line":25,"column":25}},"type":"if","locations":[{"start":{"line":21,"column":6},"end":{"line":25,"column":25}},{"start":{"line":25,"column":13},"end":{"line":25,"column":25}}]},"3":{"loc":{"start":{"line":28,"column":4},"end":{"line":56,"column":null}},"type":"if","locations":[{"start":{"line":28,"column":4},"end":{"line":56,"column":null}}]},"4":{"loc":{"start":{"line":30,"column":6},"end":{"line":55,"column":null}},"type":"if","locations":[{"start":{"line":30,"column":6},"end":{"line":55,"column":null}},{"start":{"line":39,"column":13},"end":{"line":55,"column":null}}]},"5":{"loc":{"start":{"line":34,"column":8},"end":{"line":37,"column":25}},"type":"if","locations":[{"start":{"line":34,"column":8},"end":{"line":37,"column":25}},{"start":{"line":37,"column":13},"end":{"line":37,"column":25}}]},"6":{"loc":{"start":{"line":43,"column":8},"end":{"line":54,"column":27}},"type":"if","locations":[{"start":{"line":43,"column":8},"end":{"line":54,"column":27}},{"start":{"line":54,"column":15},"end":{"line":54,"column":27}}]},"7":{"loc":{"start":{"line":48,"column":12},"end":{"line":50,"column":47}},"type":"if","locations":[{"start":{"line":48,"column":12},"end":{"line":50,"column":47}},{"start":{"line":50,"column":19},"end":{"line":50,"column":47}}]},"8":{"loc":{"start":{"line":48,"column":16},"end":{"line":48,"column":53}},"type":"binary-expr","locations":[{"start":{"line":48,"column":16},"end":{"line":48,"column":29}},{"start":{"line":48,"column":33},"end":{"line":48,"column":53}}]}},"s":{"0":1,"1":11,"2":11,"3":11,"4":49,"5":30,"6":49,"7":6,"8":6,"9":6,"10":6,"11":0,"12":49,"13":13,"14":13,"15":3,"16":3,"17":3,"18":2,"19":1,"20":2,"21":10,"22":31,"23":10,"24":4,"25":4,"26":4,"27":20,"28":12,"29":8,"30":4,"31":4,"32":6,"33":4,"34":1,"35":1,"36":22,"37":46,"38":1,"39":11,"40":11,"41":1,"42":1,"43":1},"f":{"0":11,"1":31,"2":20,"3":22,"4":46,"5":11},"b":{"0":[30],"1":[6],"2":[6,0],"3":[13],"4":[3,10],"5":[2,1],"6":[4,6],"7":[12,8],"8":[20,20]}}
}
