TN:
SF:src\index.ts
FN:13,(anonymous_0)
FN:41,(anonymous_1)
FN:47,(anonymous_2)
FN:62,(anonymous_3)
FN:63,(anonymous_4)
FN:66,(anonymous_5)
FNF:6
FNH:6
FNDA:11,(anonymous_0)
FNDA:31,(anonymous_1)
FNDA:20,(anonymous_2)
FNDA:22,(anonymous_3)
FNDA:46,(anonymous_4)
FNDA:11,(anonymous_5)
DA:13,1
DA:14,11
DA:16,11
DA:17,49
DA:19,49
DA:20,6
DA:21,6
DA:23,6
DA:24,6
DA:25,0
DA:28,49
DA:29,13
DA:30,13
DA:32,3
DA:33,3
DA:34,3
DA:35,2
DA:37,1
DA:38,2
DA:40,10
DA:41,31
DA:43,10
DA:45,4
DA:46,4
DA:47,4
DA:48,20
DA:49,12
DA:50,8
DA:52,4
DA:53,4
DA:54,6
DA:59,4
DA:62,1
DA:63,46
DA:66,1
DA:67,11
DA:68,11
DA:71,1
DA:72,1
DA:73,1
LF:40
LH:39
BRDA:17,0,0,30
BRDA:19,1,0,6
BRDA:21,2,0,6
BRDA:21,2,1,0
BRDA:28,3,0,13
BRDA:30,4,0,3
BRDA:30,4,1,10
BRDA:34,5,0,2
BRDA:34,5,1,1
BRDA:43,6,0,4
BRDA:43,6,1,6
BRDA:48,7,0,12
BRDA:48,7,1,8
BRDA:48,8,0,20
BRDA:48,8,1,20
BRF:15
BRH:14
end_of_record
